[preview.ladipage.me/abw1.html]
[backblue.gif]
[fade.gif]
[index.html]
[w.ladicdn.com/v2/source/ladipage.vi.min2021.js]
[w.ladicdn.com/s600x450/60c0437a3e70ad0020981917/logo-abw-blue-20230217030025-d0fry.png]
[w.ladicdn.com/s1440x777/60c0437a3e70ad0020981917/image2-20230216014545-j4mst.jpg]
[w.ladicdn.com/s1300x950/60c0437a3e70ad0020981917/cay-ghep-rang-implant-20230217032234-9mb7y.jpg]
[w.ladicdn.com/s550x700/60c0437a3e70ad0020981917/dental-implants-market-20230217032449-5a0hb.jpg]
[w.ladicdn.com/s1440x801/60c0437a3e70ad0020981917/bg-20230216030001-iqmjf.png]
[w.ladicdn.com/s700x900/60c0437a3e70ad0020981917/dental-implants-market-20230217032449-5a0hb.jpg]
[w.ladicdn.com/s750x750/60c0437a3e70ad0020981917/463-20220323100157-20230217040551-hu0qi.jpg]
[w.ladicdn.com/s1440x777/60c0437a3e70ad0020981917/bg1-20230216031708-bnbgs.png]
[w.ladicdn.com/s550x600/60c0437a3e70ad0020981917/implant-mis-c1-20230217064540-cr5qq.jpg]
[w.ladicdn.com/s550x600/60c0437a3e70ad0020981917/implant-straumann-20230217064540-fokkg.jpg]
[w.ladicdn.com/s550x600/60c0437a3e70ad0020981917/implant-nobel-biocar-20230217064539-eqsnl.jpg]
[w.ladicdn.com/s550x600/60c0437a3e70ad0020981917/implant-biotem-20230217064540-rc2lx.jpg]
[w.ladicdn.com/s1440x714/60c0437a3e70ad0020981917/bg1-20230216031708-bnbgs.png]
[w.ladicdn.com/s950x1300/60c0437a3e70ad0020981917/21-20230217072525-htepe.png]
[w.ladicdn.com/s950x1300/60c0437a3e70ad0020981917/12-20230217072525-ejgtc.png]
[w.ladicdn.com/s1440x1439/60c0437a3e70ad0020981917/bg1-20230216031708-bnbgs.png]
[w.ladicdn.com/s550x600/60c0437a3e70ad0020981917/trios-20230110014634-qag3u-20230217075820-lwwwm.png]
[w.ladicdn.com/s550x600/60c0437a3e70ad0020981917/penguinrfa-20230110014634-_3wxb-20230217075820-68cjs.png]
[w.ladicdn.com/s550x600/60c0437a3e70ad0020981917/dental-vibe-20230110014634-jb473-20230217075820-y0i4a.png]
[w.ladicdn.com/s550x600/60c0437a3e70ad0020981917/ct-cone-beam-3d-20230110014635-zw6ep-20230217075819-1unq3.png]
[w.ladicdn.com/s1440x614/60c0437a3e70ad0020981917/bg-20230216030001-iqmjf.png]
[w.ladicdn.com/s550x600/60c0437a3e70ad0020981917/vo-trung-tuyet-doi-20230110014635-w0lvs-20230217075820-rvvts.png]
[w.ladicdn.com/s800x500/60c0437a3e70ad0020981917/5136-20220323100214-20230217082514-4pg6g.jpg]
[w.ladicdn.com/s800x500/60c0437a3e70ad0020981917/5135-20220323100214-20230217082514-v_znq.jpg]
[w.ladicdn.com/s800x500/60c0437a3e70ad0020981917/5134-20220323100214-20230217082514-_mq4g.jpg]
[w.ladicdn.com/s800x500/60c0437a3e70ad0020981917/5133-20220323100214-20230217082514--riaz.jpg]
[w.ladicdn.com/s800x500/60c0437a3e70ad0020981917/5132-20220323100214-20230217082514-qiw2q.jpg]
[w.ladicdn.com/s800x500/60c0437a3e70ad0020981917/5131-20220323100157-20230217082514-ricvl.jpg]
[w.ladicdn.com/s700x800/60c0437a3e70ad0020981917/image2-20230216014545-j4mst.jpg]
[w.ladicdn.com/s1440x291/5c7362c6c417ab07e5196b05/lkYRh2Qy20200313061328.jpg]
[w.ladicdn.com/s650x500/60c0437a3e70ad0020981917/logo-abw-blue-20230217030025-d0fry.png]
[w.ladicdn.com/s1440x710/60c0437a3e70ad0020981917/image2-20230216014545-j4mst.jpg]
[w.ladicdn.com/s768x852/60c0437a3e70ad0020981917/image2-20230216014545-j4mst.jpg]
[w.ladicdn.com/s750x600/60c0437a3e70ad0020981917/cay-ghep-rang-implant-20230217032234-9mb7y.jpg]
[w.ladicdn.com/s450x500/60c0437a3e70ad0020981917/dental-implants-market-20230217032449-5a0hb.jpg]
[w.ladicdn.com/s768x1397/60c0437a3e70ad0020981917/bg-20230216030001-iqmjf.png]
[w.ladicdn.com/s650x800/60c0437a3e70ad0020981917/dental-implants-market-20230217032449-5a0hb.jpg]
[w.ladicdn.com/s700x700/60c0437a3e70ad0020981917/463-20220323100157-20230217040551-hu0qi.jpg]
[w.ladicdn.com/s768x1010/60c0437a3e70ad0020981917/bg1-20230216031708-bnbgs.png]
[w.ladicdn.com/s500x600/60c0437a3e70ad0020981917/implant-mis-c1-20230217064540-cr5qq.jpg]
[w.ladicdn.com/s500x600/60c0437a3e70ad0020981917/implant-straumann-20230217064540-fokkg.jpg]
[w.ladicdn.com/s500x600/60c0437a3e70ad0020981917/implant-nobel-biocar-20230217064539-eqsnl.jpg]
[w.ladicdn.com/s500x600/60c0437a3e70ad0020981917/implant-biotem-20230217064540-rc2lx.jpg]
[w.ladicdn.com/s768x753/60c0437a3e70ad0020981917/bg1-20230216031708-bnbgs.png]
[w.ladicdn.com/s700x900/60c0437a3e70ad0020981917/21-20230217072525-htepe.png]
[w.ladicdn.com/s700x900/60c0437a3e70ad0020981917/12-20230217072525-ejgtc.png]
[w.ladicdn.com/s768x2698/60c0437a3e70ad0020981917/bg1-20230216031708-bnbgs.png]
[w.ladicdn.com/s550x550/60c0437a3e70ad0020981917/trios-20230110014634-qag3u-20230217075820-lwwwm.png]
[w.ladicdn.com/s550x550/60c0437a3e70ad0020981917/penguinrfa-20230110014634-_3wxb-20230217075820-68cjs.png]
[w.ladicdn.com/s550x550/60c0437a3e70ad0020981917/dental-vibe-20230110014634-jb473-20230217075820-y0i4a.png]
[w.ladicdn.com/s550x550/60c0437a3e70ad0020981917/ct-cone-beam-3d-20230110014635-zw6ep-20230217075819-1unq3.png]
[w.ladicdn.com/s768x1008/60c0437a3e70ad0020981917/bg-20230216030001-iqmjf.png]
[w.ladicdn.com/s550x550/60c0437a3e70ad0020981917/vo-trung-tuyet-doi-20230110014635-w0lvs-20230217075820-rvvts.png]
[w.ladicdn.com/s750x450/60c0437a3e70ad0020981917/5136-20220323100214-20230217082514-4pg6g.jpg]
[w.ladicdn.com/s750x450/60c0437a3e70ad0020981917/5135-20220323100214-20230217082514-v_znq.jpg]
[w.ladicdn.com/s750x450/60c0437a3e70ad0020981917/5134-20220323100214-20230217082514-_mq4g.jpg]
[w.ladicdn.com/s750x450/60c0437a3e70ad0020981917/5133-20220323100214-20230217082514--riaz.jpg]
[w.ladicdn.com/s750x450/60c0437a3e70ad0020981917/5132-20220323100214-20230217082514-qiw2q.jpg]
[w.ladicdn.com/s750x450/60c0437a3e70ad0020981917/5131-20220323100157-20230217082514-ricvl.jpg]
[w.ladicdn.com/s768x441/5c7362c6c417ab07e5196b05/lkYRh2Qy20200313061328.jpg]
[preview.ladipage.me/abw1.html]
[w.ladicdn.com/v2/source/ladipage.min2021.css]
[w.ladicdn.com/s768x971/60c0437a3e70ad0020981917/image2-20230216014545-j4mst.jpg]
[w.ladicdn.com/v2/source/ladipage.min2021.css]
